2017/02/20 14:45:00 [error] [exception.CHttpException.404] exception 'CHttpException' with message 'The system is unable to find the requested action "index".' in D:\TrackStar\framework\web\CController.php:486
Stack trace:
#0 D:\TrackStar\framework\web\CController.php(270): CController->missingAction('')
#1 D:\TrackStar\framework\web\CWebApplication.php(282): CController->run('')
#2 D:\TrackStar\framework\web\CWebApplication.php(141): CWebApplication->runController('message')
#3 D:\TrackStar\framework\base\CApplication.php(185): CWebApplication->processRequest()
#4 D:\TrackStar\helloworld\index.php(13): CApplication->run()
#5 {main}
REQUEST_URI=/helloworld/index.php?r=message
---
2017/02/20 15:00:06 [error] [exception.CException] exception 'CException' with message 'Property "MessageController.thetime" is not defined.' in D:\TrackStar\framework\base\CComponent.php:130
Stack trace:
#0 D:\TrackStar\helloworld\protected\views\message\hello.php(11): CComponent->__get('thetime')
#1 D:\TrackStar\framework\web\CBaseController.php(126): require('D:\\TrackStar\\he...')
#2 D:\TrackStar\framework\web\CBaseController.php(95): CBaseController->renderInternal('D:\\TrackStar\\he...', Array, true)
#3 D:\TrackStar\framework\web\CController.php(872): CBaseController->renderFile('D:\\TrackStar\\he...', Array, true)
#4 D:\TrackStar\framework\web\CController.php(785): CController->renderPartial('hello', Array, true)
#5 D:\TrackStar\helloworld\protected\controllers\MessageController.php(11): CController->render('hello', Array)
#6 D:\TrackStar\framework\web\actions\CInlineAction.php(49): MessageController->actionHello()
#7 D:\TrackStar\framework\web\CController.php(308): CInlineAction->runWithParams(Array)
#8 D:\TrackStar\framework\web\CController.php(286): CController->runAction(Object(CInlineAction))
#9 D:\TrackStar\framework\web\CController.php(265): CController->runActionWithFilters(Object(CInlineAction), Array)
#10 D:\TrackStar\framework\web\CWebApplication.php(282): CController->run('')
#11 D:\TrackStar\framework\web\CWebApplication.php(141): CWebApplication->runController('')
#12 D:\TrackStar\framework\base\CApplication.php(185): CWebApplication->processRequest()
#13 D:\TrackStar\helloworld\index.php(13): CApplication->run()
#14 {main}
REQUEST_URI=/helloworld/
---
2017/02/20 15:03:30 [error] [exception.CException] exception 'CException' with message 'Property "MessageController.theTime" is not defined.' in D:\TrackStar\framework\base\CComponent.php:130
Stack trace:
#0 D:\TrackStar\helloworld\protected\views\message\hello.php(10): CComponent->__get('theTime')
#1 D:\TrackStar\framework\web\CBaseController.php(126): require('D:\\TrackStar\\he...')
#2 D:\TrackStar\framework\web\CBaseController.php(95): CBaseController->renderInternal('D:\\TrackStar\\he...', Array, true)
#3 D:\TrackStar\framework\web\CController.php(872): CBaseController->renderFile('D:\\TrackStar\\he...', Array, true)
#4 D:\TrackStar\framework\web\CController.php(785): CController->renderPartial('hello', Array, true)
#5 D:\TrackStar\helloworld\protected\controllers\MessageController.php(10): CController->render('hello', Array)
#6 D:\TrackStar\framework\web\actions\CInlineAction.php(49): MessageController->actionHello()
#7 D:\TrackStar\framework\web\CController.php(308): CInlineAction->runWithParams(Array)
#8 D:\TrackStar\framework\web\CController.php(286): CController->runAction(Object(CInlineAction))
#9 D:\TrackStar\framework\web\CController.php(265): CController->runActionWithFilters(Object(CInlineAction), Array)
#10 D:\TrackStar\framework\web\CWebApplication.php(282): CController->run('')
#11 D:\TrackStar\framework\web\CWebApplication.php(141): CWebApplication->runController('')
#12 D:\TrackStar\framework\base\CApplication.php(185): CWebApplication->processRequest()
#13 D:\TrackStar\helloworld\index.php(13): CApplication->run()
#14 {main}
REQUEST_URI=/helloworld/
---
2017/02/20 15:03:47 [error] [php] Undefined variable: time (D:\TrackStar\helloworld\protected\controllers\MessageController.php:10)
Stack trace:
#0 D:\TrackStar\framework\web\CController.php(286): MessageController->runAction()
#1 D:\TrackStar\framework\web\CController.php(265): MessageController->runActionWithFilters()
#2 D:\TrackStar\framework\web\CWebApplication.php(282): MessageController->run()
#3 D:\TrackStar\framework\web\CWebApplication.php(141): CWebApplication->runController()
#4 D:\TrackStar\framework\base\CApplication.php(185): CWebApplication->processRequest()
#5 D:\TrackStar\helloworld\index.php(13): CWebApplication->run()
REQUEST_URI=/helloworld/
in D:\TrackStar\helloworld\protected\controllers\MessageController.php (10)
in D:\TrackStar\helloworld\index.php (13)
